The system is: Linux - 5.4.0-135-generic - x86_64
Compiling the CXX compiler identification source file "CMakeCXXCompilerId.cpp" succeeded.
Compiler: /home/ubuntu/llvm/ninja-build/bin/clang++ 
Build flags: 
Id flags:  

The output was:
0


Compilation of the CXX compiler identification source "CMakeCXXCompilerId.cpp" produced "a.out"

The CXX compiler identification is Clang, found in "/home/ubuntu/Johannes/external/LLVMUtils/build/CMakeFiles/3.16.3/CompilerIdCXX/a.out"

Determining if the CXX compiler works passed with the following output:
Change Dir: /home/ubuntu/Johannes/external/LLVMUtils/build/CMakeFiles/CMakeTmp

Run Build Command(s):/usr/bin/make cmTC_5071c/fast && /usr/bin/make -f CMakeFiles/cmTC_5071c.dir/build.make CMakeFiles/cmTC_5071c.dir/build
make[1]: Entering directory '/home/ubuntu/Johannes/external/LLVMUtils/build/CMakeFiles/CMakeTmp'
Building CXX object CMakeFiles/cmTC_5071c.dir/testCXXCompiler.cxx.o
/home/ubuntu/llvm/ninja-build/bin/clang++     -o CMakeFiles/cmTC_5071c.dir/testCXXCompiler.cxx.o -c /home/ubuntu/Johannes/external/LLVMUtils/build/CMakeFiles/CMakeTmp/testCXXCompiler.cxx
Linking CXX executable cmTC_5071c
/usr/bin/cmake -E cmake_link_script CMakeFiles/cmTC_5071c.dir/link.txt --verbose=1
/home/ubuntu/llvm/ninja-build/bin/clang++       CMakeFiles/cmTC_5071c.dir/testCXXCompiler.cxx.o  -o cmTC_5071c 
make[1]: Leaving directory '/home/ubuntu/Johannes/external/LLVMUtils/build/CMakeFiles/CMakeTmp'



Detecting CXX compiler ABI info compiled with the following output:
Change Dir: /home/ubuntu/Johannes/external/LLVMUtils/build/CMakeFiles/CMakeTmp

Run Build Command(s):/usr/bin/make cmTC_659b9/fast && /usr/bin/make -f CMakeFiles/cmTC_659b9.dir/build.make CMakeFiles/cmTC_659b9.dir/build
make[1]: Entering directory '/home/ubuntu/Johannes/external/LLVMUtils/build/CMakeFiles/CMakeTmp'
Building CXX object CMakeFiles/cmTC_659b9.dir/CMakeCXXCompilerABI.cpp.o
/home/ubuntu/llvm/ninja-build/bin/clang++    -v -o CMakeFiles/cmTC_659b9.dir/CMakeCXXCompilerABI.cpp.o -c /usr/share/cmake-3.16/Modules/CMakeCXXCompilerABI.cpp
clang version 13.0.1 (https://github.com/llvm/llvm-project.git 75e33f71c2dae584b13a7d1186ae0a038ba98838)
Target: x86_64-unknown-linux-gnu
Thread model: posix
InstalledDir: /home/ubuntu/llvm/ninja-build/bin
Found candidate GCC installation: /usr/lib/gcc/x86_64-linux-gnu/9
Selected GCC installation: /usr/lib/gcc/x86_64-linux-gnu/9
Candidate multilib: .;@m64
Selected multilib: .;@m64
 (in-process)
 "/home/ubuntu/llvm/ninja-build/bin/clang-13" -cc1 -triple x86_64-unknown-linux-gnu -emit-obj -mrelax-all --mrelax-relocations -disable-free -main-file-name CMakeCXXCompilerABI.cpp -mrelocation-model static -mframe-pointer=all -fmath-errno -fno-rounding-math -mconstructor-aliases -munwind-tables -target-cpu x86-64 -tune-cpu generic -debugger-tuning=gdb -v -fcoverage-compilation-dir=/home/ubuntu/Johannes/external/LLVMUtils/build/CMakeFiles/CMakeTmp -resource-dir /home/ubuntu/llvm/ninja-build/lib/clang/13.0.1 -internal-isystem /usr/lib/gcc/x86_64-linux-gnu/9/../../../../include/c++/9 -internal-isystem /usr/lib/gcc/x86_64-linux-gnu/9/../../../../include/x86_64-linux-gnu/c++/9 -internal-isystem /usr/lib/gcc/x86_64-linux-gnu/9/../../../../include/c++/9/backward -internal-isystem /home/ubuntu/llvm/ninja-build/lib/clang/13.0.1/include -internal-isystem /usr/local/include -internal-isystem /usr/lib/gcc/x86_64-linux-gnu/9/../../../../x86_64-linux-gnu/include -internal-externc-isystem /usr/include/x86_64-linux-gnu -internal-externc-isystem /include -internal-externc-isystem /usr/include -fdeprecated-macro -fdebug-compilation-dir=/home/ubuntu/Johannes/external/LLVMUtils/build/CMakeFiles/CMakeTmp -ferror-limit 19 -fgnuc-version=4.2.1 -fcxx-exceptions -fexceptions -faddrsig -D__GCC_HAVE_DWARF2_CFI_ASM=1 -o CMakeFiles/cmTC_659b9.dir/CMakeCXXCompilerABI.cpp.o -x c++ /usr/share/cmake-3.16/Modules/CMakeCXXCompilerABI.cpp
clang -cc1 version 13.0.1 based upon LLVM 13.0.1 default target x86_64-unknown-linux-gnu
ignoring nonexistent directory "/usr/lib/gcc/x86_64-linux-gnu/9/../../../../x86_64-linux-gnu/include"
ignoring nonexistent directory "/include"
#include "..." search starts here:
#include <...> search starts here:
 /usr/lib/gcc/x86_64-linux-gnu/9/../../../../include/c++/9
 /usr/lib/gcc/x86_64-linux-gnu/9/../../../../include/x86_64-linux-gnu/c++/9
 /usr/lib/gcc/x86_64-linux-gnu/9/../../../../include/c++/9/backward
 /home/ubuntu/llvm/ninja-build/lib/clang/13.0.1/include
 /usr/local/include
 /usr/include/x86_64-linux-gnu
 /usr/include
End of search list.
Linking CXX executable cmTC_659b9
/usr/bin/cmake -E cmake_link_script CMakeFiles/cmTC_659b9.dir/link.txt --verbose=1
/home/ubuntu/llvm/ninja-build/bin/clang++      -v CMakeFiles/cmTC_659b9.dir/CMakeCXXCompilerABI.cpp.o  -o cmTC_659b9 
clang version 13.0.1 (https://github.com/llvm/llvm-project.git 75e33f71c2dae584b13a7d1186ae0a038ba98838)
Target: x86_64-unknown-linux-gnu
Thread model: posix
InstalledDir: /home/ubuntu/llvm/ninja-build/bin
Found candidate GCC installation: /usr/lib/gcc/x86_64-linux-gnu/9
Selected GCC installation: /usr/lib/gcc/x86_64-linux-gnu/9
Candidate multilib: .;@m64
Selected multilib: .;@m64
 "/usr/bin/ld" -z relro --hash-style=gnu --eh-frame-hdr -m elf_x86_64 -dynamic-linker /lib64/ld-linux-x86-64.so.2 -o cmTC_659b9 /lib/x86_64-linux-gnu/crt1.o /lib/x86_64-linux-gnu/crti.o /usr/lib/gcc/x86_64-linux-gnu/9/crtbegin.o -L/usr/lib/gcc/x86_64-linux-gnu/9 -L/usr/lib/gcc/x86_64-linux-gnu/9/../../../../lib64 -L/lib/x86_64-linux-gnu -L/lib/../lib64 -L/usr/lib/x86_64-linux-gnu -L/usr/lib/../lib64 -L/home/ubuntu/llvm/ninja-build/bin/../lib -L/lib -L/usr/lib CMakeFiles/cmTC_659b9.dir/CMakeCXXCompilerABI.cpp.o -lstdc++ -lm -lgcc_s -lgcc -lc -lgcc_s -lgcc /usr/lib/gcc/x86_64-linux-gnu/9/crtend.o /lib/x86_64-linux-gnu/crtn.o
make[1]: Leaving directory '/home/ubuntu/Johannes/external/LLVMUtils/build/CMakeFiles/CMakeTmp'



Parsed CXX implicit include dir info from above output: rv=done
  found start of include info
  found start of implicit include info
    add: [/usr/lib/gcc/x86_64-linux-gnu/9/../../../../include/c++/9]
    add: [/usr/lib/gcc/x86_64-linux-gnu/9/../../../../include/x86_64-linux-gnu/c++/9]
    add: [/usr/lib/gcc/x86_64-linux-gnu/9/../../../../include/c++/9/backward]
    add: [/home/ubuntu/llvm/ninja-build/lib/clang/13.0.1/include]
    add: [/usr/local/include]
    add: [/usr/include/x86_64-linux-gnu]
    add: [/usr/include]
  end of search list found
  collapse include dir [/usr/lib/gcc/x86_64-linux-gnu/9/../../../../include/c++/9] ==> [/usr/include/c++/9]
  collapse include dir [/usr/lib/gcc/x86_64-linux-gnu/9/../../../../include/x86_64-linux-gnu/c++/9] ==> [/usr/include/x86_64-linux-gnu/c++/9]
  collapse include dir [/usr/lib/gcc/x86_64-linux-gnu/9/../../../../include/c++/9/backward] ==> [/usr/include/c++/9/backward]
  collapse include dir [/home/ubuntu/llvm/ninja-build/lib/clang/13.0.1/include] ==> [/home/ubuntu/llvm/ninja-build/lib/clang/13.0.1/include]
  collapse include dir [/usr/local/include] ==> [/usr/local/include]
  collapse include dir [/usr/include/x86_64-linux-gnu] ==> [/usr/include/x86_64-linux-gnu]
  collapse include dir [/usr/include] ==> [/usr/include]
  implicit include dirs: [/usr/include/c++/9;/usr/include/x86_64-linux-gnu/c++/9;/usr/include/c++/9/backward;/home/ubuntu/llvm/ninja-build/lib/clang/13.0.1/include;/usr/local/include;/usr/include/x86_64-linux-gnu;/usr/include]


Parsed CXX implicit link information from above output:
  link line regex: [^( *|.*[/\])(ld|CMAKE_LINK_STARTFILE-NOTFOUND|([^/\]+-)?ld|collect2)[^/\]*( |$)]
  ignore line: [Change Dir: /home/ubuntu/Johannes/external/LLVMUtils/build/CMakeFiles/CMakeTmp]
  ignore line: []
  ignore line: [Run Build Command(s):/usr/bin/make cmTC_659b9/fast && /usr/bin/make -f CMakeFiles/cmTC_659b9.dir/build.make CMakeFiles/cmTC_659b9.dir/build]
  ignore line: [make[1]: Entering directory '/home/ubuntu/Johannes/external/LLVMUtils/build/CMakeFiles/CMakeTmp']
  ignore line: [Building CXX object CMakeFiles/cmTC_659b9.dir/CMakeCXXCompilerABI.cpp.o]
  ignore line: [/home/ubuntu/llvm/ninja-build/bin/clang++    -v -o CMakeFiles/cmTC_659b9.dir/CMakeCXXCompilerABI.cpp.o -c /usr/share/cmake-3.16/Modules/CMakeCXXCompilerABI.cpp]
  ignore line: [clang version 13.0.1 (https://github.com/llvm/llvm-project.git 75e33f71c2dae584b13a7d1186ae0a038ba98838)]
  ignore line: [Target: x86_64-unknown-linux-gnu]
  ignore line: [Thread model: posix]
  ignore line: [InstalledDir: /home/ubuntu/llvm/ninja-build/bin]
  ignore line: [Found candidate GCC installation: /usr/lib/gcc/x86_64-linux-gnu/9]
  ignore line: [Selected GCC installation: /usr/lib/gcc/x86_64-linux-gnu/9]
  ignore line: [Candidate multilib: .]
  ignore line: [@m64]
  ignore line: [Selected multilib: .]
  ignore line: [@m64]
  ignore line: [ (in-process)]
  ignore line: [ "/home/ubuntu/llvm/ninja-build/bin/clang-13" -cc1 -triple x86_64-unknown-linux-gnu -emit-obj -mrelax-all --mrelax-relocations -disable-free -main-file-name CMakeCXXCompilerABI.cpp -mrelocation-model static -mframe-pointer=all -fmath-errno -fno-rounding-math -mconstructor-aliases -munwind-tables -target-cpu x86-64 -tune-cpu generic -debugger-tuning=gdb -v -fcoverage-compilation-dir=/home/ubuntu/Johannes/external/LLVMUtils/build/CMakeFiles/CMakeTmp -resource-dir /home/ubuntu/llvm/ninja-build/lib/clang/13.0.1 -internal-isystem /usr/lib/gcc/x86_64-linux-gnu/9/../../../../include/c++/9 -internal-isystem /usr/lib/gcc/x86_64-linux-gnu/9/../../../../include/x86_64-linux-gnu/c++/9 -internal-isystem /usr/lib/gcc/x86_64-linux-gnu/9/../../../../include/c++/9/backward -internal-isystem /home/ubuntu/llvm/ninja-build/lib/clang/13.0.1/include -internal-isystem /usr/local/include -internal-isystem /usr/lib/gcc/x86_64-linux-gnu/9/../../../../x86_64-linux-gnu/include -internal-externc-isystem /usr/include/x86_64-linux-gnu -internal-externc-isystem /include -internal-externc-isystem /usr/include -fdeprecated-macro -fdebug-compilation-dir=/home/ubuntu/Johannes/external/LLVMUtils/build/CMakeFiles/CMakeTmp -ferror-limit 19 -fgnuc-version=4.2.1 -fcxx-exceptions -fexceptions -faddrsig -D__GCC_HAVE_DWARF2_CFI_ASM=1 -o CMakeFiles/cmTC_659b9.dir/CMakeCXXCompilerABI.cpp.o -x c++ /usr/share/cmake-3.16/Modules/CMakeCXXCompilerABI.cpp]
  ignore line: [clang -cc1 version 13.0.1 based upon LLVM 13.0.1 default target x86_64-unknown-linux-gnu]
  ignore line: [ignoring nonexistent directory "/usr/lib/gcc/x86_64-linux-gnu/9/../../../../x86_64-linux-gnu/include"]
  ignore line: [ignoring nonexistent directory "/include"]
  ignore line: [#include "..." search starts here:]
  ignore line: [#include <...> search starts here:]
  ignore line: [ /usr/lib/gcc/x86_64-linux-gnu/9/../../../../include/c++/9]
  ignore line: [ /usr/lib/gcc/x86_64-linux-gnu/9/../../../../include/x86_64-linux-gnu/c++/9]
  ignore line: [ /usr/lib/gcc/x86_64-linux-gnu/9/../../../../include/c++/9/backward]
  ignore line: [ /home/ubuntu/llvm/ninja-build/lib/clang/13.0.1/include]
  ignore line: [ /usr/local/include]
  ignore line: [ /usr/include/x86_64-linux-gnu]
  ignore line: [ /usr/include]
  ignore line: [End of search list.]
  ignore line: [Linking CXX executable cmTC_659b9]
  ignore line: [/usr/bin/cmake -E cmake_link_script CMakeFiles/cmTC_659b9.dir/link.txt --verbose=1]
  ignore line: [/home/ubuntu/llvm/ninja-build/bin/clang++      -v CMakeFiles/cmTC_659b9.dir/CMakeCXXCompilerABI.cpp.o  -o cmTC_659b9 ]
  ignore line: [clang version 13.0.1 (https://github.com/llvm/llvm-project.git 75e33f71c2dae584b13a7d1186ae0a038ba98838)]
  ignore line: [Target: x86_64-unknown-linux-gnu]
  ignore line: [Thread model: posix]
  ignore line: [InstalledDir: /home/ubuntu/llvm/ninja-build/bin]
  ignore line: [Found candidate GCC installation: /usr/lib/gcc/x86_64-linux-gnu/9]
  ignore line: [Selected GCC installation: /usr/lib/gcc/x86_64-linux-gnu/9]
  ignore line: [Candidate multilib: .]
  ignore line: [@m64]
  ignore line: [Selected multilib: .]
  ignore line: [@m64]
  link line: [ "/usr/bin/ld" -z relro --hash-style=gnu --eh-frame-hdr -m elf_x86_64 -dynamic-linker /lib64/ld-linux-x86-64.so.2 -o cmTC_659b9 /lib/x86_64-linux-gnu/crt1.o /lib/x86_64-linux-gnu/crti.o /usr/lib/gcc/x86_64-linux-gnu/9/crtbegin.o -L/usr/lib/gcc/x86_64-linux-gnu/9 -L/usr/lib/gcc/x86_64-linux-gnu/9/../../../../lib64 -L/lib/x86_64-linux-gnu -L/lib/../lib64 -L/usr/lib/x86_64-linux-gnu -L/usr/lib/../lib64 -L/home/ubuntu/llvm/ninja-build/bin/../lib -L/lib -L/usr/lib CMakeFiles/cmTC_659b9.dir/CMakeCXXCompilerABI.cpp.o -lstdc++ -lm -lgcc_s -lgcc -lc -lgcc_s -lgcc /usr/lib/gcc/x86_64-linux-gnu/9/crtend.o /lib/x86_64-linux-gnu/crtn.o]
    arg [/usr/bin/ld] ==> ignore
    arg [-zrelro] ==> ignore
    arg [--hash-style=gnu] ==> ignore
    arg [--eh-frame-hdr] ==> ignore
    arg [-m] ==> ignore
    arg [elf_x86_64] ==> ignore
    arg [-dynamic-linker] ==> ignore
    arg [/lib64/ld-linux-x86-64.so.2] ==> ignore
    arg [-o] ==> ignore
    arg [cmTC_659b9] ==> ignore
    arg [/lib/x86_64-linux-gnu/crt1.o] ==> ignore
    arg [/lib/x86_64-linux-gnu/crti.o] ==> ignore
    arg [/usr/lib/gcc/x86_64-linux-gnu/9/crtbegin.o] ==> ignore
    arg [-L/usr/lib/gcc/x86_64-linux-gnu/9] ==> dir [/usr/lib/gcc/x86_64-linux-gnu/9]
    arg [-L/usr/lib/gcc/x86_64-linux-gnu/9/../../../../lib64] ==> dir [/usr/lib/gcc/x86_64-linux-gnu/9/../../../../lib64]
    arg [-L/lib/x86_64-linux-gnu] ==> dir [/lib/x86_64-linux-gnu]
    arg [-L/lib/../lib64] ==> dir [/lib/../lib64]
    arg [-L/usr/lib/x86_64-linux-gnu] ==> dir [/usr/lib/x86_64-linux-gnu]
    arg [-L/usr/lib/../lib64] ==> dir [/usr/lib/../lib64]
    arg [-L/home/ubuntu/llvm/ninja-build/bin/../lib] ==> dir [/home/ubuntu/llvm/ninja-build/bin/../lib]
    arg [-L/lib] ==> dir [/lib]
    arg [-L/usr/lib] ==> dir [/usr/lib]
    arg [CMakeFiles/cmTC_659b9.dir/CMakeCXXCompilerABI.cpp.o] ==> ignore
    arg [-lstdc++] ==> lib [stdc++]
    arg [-lm] ==> lib [m]
    arg [-lgcc_s] ==> lib [gcc_s]
    arg [-lgcc] ==> lib [gcc]
    arg [-lc] ==> lib [c]
    arg [-lgcc_s] ==> lib [gcc_s]
    arg [-lgcc] ==> lib [gcc]
    arg [/usr/lib/gcc/x86_64-linux-gnu/9/crtend.o] ==> ignore
    arg [/lib/x86_64-linux-gnu/crtn.o] ==> ignore
  collapse library dir [/usr/lib/gcc/x86_64-linux-gnu/9] ==> [/usr/lib/gcc/x86_64-linux-gnu/9]
  collapse library dir [/usr/lib/gcc/x86_64-linux-gnu/9/../../../../lib64] ==> [/usr/lib64]
  collapse library dir [/lib/x86_64-linux-gnu] ==> [/lib/x86_64-linux-gnu]
  collapse library dir [/lib/../lib64] ==> [/lib64]
  collapse library dir [/usr/lib/x86_64-linux-gnu] ==> [/usr/lib/x86_64-linux-gnu]
  collapse library dir [/usr/lib/../lib64] ==> [/usr/lib64]
  collapse library dir [/home/ubuntu/llvm/ninja-build/bin/../lib] ==> [/home/ubuntu/llvm/ninja-build/lib]
  collapse library dir [/lib] ==> [/lib]
  collapse library dir [/usr/lib] ==> [/usr/lib]
  implicit libs: [stdc++;m;gcc_s;gcc;c;gcc_s;gcc]
  implicit dirs: [/usr/lib/gcc/x86_64-linux-gnu/9;/usr/lib64;/lib/x86_64-linux-gnu;/lib64;/usr/lib/x86_64-linux-gnu;/home/ubuntu/llvm/ninja-build/lib;/lib;/usr/lib]
  implicit fwks: []


